# JRE version: Java(TM) SE Runtime Environment (10.0.2+13) (build 10.0.2+13)
# Java VM: Java HotSpot(TM) 64-Bit Server VM (10.0.2+13, mixed mode, tiered, compressed oops, g1 gc, windows-amd64)
Heap:
 garbage-first heap   total 98304K, used 53160K [0x00000000a1c00000, 0x0000000100000000)
  region size 1024K, 51 young (52224K), 6 survivors (6144K)
 Metaspace       used 23830K, capacity 24366K, committed 24704K, reserved 1071104K
  class space    used 2429K, capacity 2577K, committed 2688K, reserved 1048576K
GC Heap History (9 events):
Event: 0.615 GC heap before
{Heap before GC invocations=0 (full 0):
 garbage-first heap   total 98304K, used 14336K [0x00000000a1c00000, 0x0000000100000000)
  region size 1024K, 14 young (14336K), 0 survivors (0K)
 Metaspace       used 10721K, capacity 10961K, committed 11136K, reserved 1058816K
  class space    used 975K, capacity 1040K, committed 1152K, reserved 1048576K
}
Event: 0.620 GC heap after
{Heap after GC invocations=1 (full 0):
 garbage-first heap   total 98304K, used 3225K [0x00000000a1c00000, 0x0000000100000000)
  region size 1024K, 2 young (2048K), 2 survivors (2048K)
 Metaspace       used 10721K, capacity 10961K, committed 11136K, reserved 1058816K
  class space    used 975K, capacity 1040K, committed 1152K, reserved 1048576K
}
Event: 0.836 GC heap before
{Heap before GC invocations=1 (full 0):
 garbage-first heap   total 98304K, used 12441K [0x00000000a1c00000, 0x0000000100000000)
  region size 1024K, 11 young (11264K), 2 survivors (2048K)
 Metaspace       used 12680K, capacity 12954K, committed 13184K, reserved 1060864K
  class space    used 1229K, capacity 1343K, committed 1408K, reserved 1048576K
}
Event: 0.841 GC heap after
{Heap after GC invocations=2 (full 0):
 garbage-first heap   total 98304K, used 4000K [0x00000000a1c00000, 0x0000000100000000)
  region size 1024K, 1 young (1024K), 1 survivors (1024K)
 Metaspace       used 12680K, capacity 12954K, committed 13184K, reserved 1060864K
  class space    used 1229K, capacity 1343K, committed 1408K, reserved 1048576K
}
Event: 1.390 GC heap before
{Heap before GC invocations=2 (full 0):
 garbage-first heap   total 98304K, used 30624K [0x00000000a1c00000, 0x0000000100000000)
  region size 1024K, 27 young (27648K), 1 survivors (1024K)
 Metaspace       used 15978K, capacity 16260K, committed 16640K, reserved 1064960K
  class space    used 1618K, capacity 1739K, committed 1792K, reserved 1048576K
}
Event: 1.393 GC heap after
{Heap after GC invocations=3 (full 0):
 garbage-first heap   total 98304K, used 4761K [0x00000000a1c00000, 0x0000000100000000)
  region size 1024K, 2 young (2048K), 2 survivors (2048K)
 Metaspace       used 15978K, capacity 16260K, committed 16640K, reserved 1064960K
  class space    used 1618K, capacity 1739K, committed 1792K, reserved 1048576K
}
Event: 2.248 GC heap before
{Heap before GC invocations=3 (full 0):
 garbage-first heap   total 98304K, used 33433K [0x00000000a1c00000, 0x0000000100000000)
  region size 1024K, 31 young (31744K), 2 survivors (2048K)
 Metaspace       used 20674K, capacity 21015K, committed 21248K, reserved 1069056K
  class space    used 2113K, capacity 2241K, committed 2304K, reserved 1048576K
}
Event: 2.257 GC heap after
{Heap after GC invocations=4 (full 0):
 garbage-first heap   total 98304K, used 7080K [0x00000000a1c00000, 0x0000000100000000)
  region size 1024K, 4 young (4096K), 4 survivors (4096K)
 Metaspace       used 20674K, capacity 21015K, committed 21248K, reserved 1069056K
  class space    used 2113K, capacity 2241K, committed 2304K, reserved 1048576K
}
Event: 3.345 GC heap before
{Heap before GC invocations=5 (full 0):
 garbage-first heap   total 98304K, used 53160K [0x00000000a1c00000, 0x0000000100000000)
  region size 1024K, 49 young (50176K), 4 survivors (4096K)
 Metaspace       used 23830K, capacity 24366K, committed 24704K, reserved 1071104K
  class space    used 2429K, capacity 2577K, committed 2688K, reserved 1048576K
}

